#
# There is insufficient memory for the Java Runtime Environment to continue.
# Native memory allocation (mmap) failed to map 98566144 bytes for G1 virtual space
# Possible reasons:
#   The system is out of physical RAM or swap space
#   The process is running with CompressedOops enabled, and the Java Heap may be blocking the growth of the native heap
# Possible solutions:
#   Reduce memory load on the system
#   Increase physical memory or swap space
#   Check if swap backing store is full
#   Decrease Java heap size (-Xmx/-Xms)
#   Decrease number of Java threads
#   Decrease Java thread stack sizes (-Xss)
#   Set larger code cache with -XX:ReservedCodeCacheSize=
#   JVM is running with Unscaled Compressed Oops mode in which the Java heap is
#     placed in the first 4GB address space. The Java Heap base address is the
#     maximum limit for the native heap growth. Please use -XX:HeapBaseMinAddress
#     to set the Java Heap base and to place the Java Heap above 4GB virtual address.
# This output file may be truncated or incomplete.
#
#  Out of Memory Error (os_windows.cpp:3771), pid=27880, tid=13924
#
# JRE version:  (17.0.7) (build )
# Java VM: OpenJDK 64-Bit Server VM (17.0.7+0-b2043.56-10550314, mixed mode, sharing, tiered, compressed oops, compressed class ptrs, g1 gc, windows-amd64)
# No core dump will be written. Minidumps are not enabled by default on client versions of Windows
#

---------------  S U M M A R Y ------------

Command Line: 

Host: AMD Ryzen 5 5500U with Radeon Graphics         , 12 cores, 5G,  Windows 11 , 64 bit Build 22621 (10.0.22621.2506)
Time: Thu Jan 11 22:38:55 2024 Malay Peninsula Standard Time elapsed time: 0.026038 seconds (0d 0h 0m 0s)

---------------  T H R E A D  ---------------

Current thread (0x00000204f318cf90):  JavaThread "Unknown thread" [_thread_in_vm, id=13924, stack(0x0000003201600000,0x0000003201700000)]

Stack: [0x0000003201600000,0x0000003201700000]
Native frames: (J=compiled Java code, j=interpreted, Vv=VM code, C=native code)
V  [jvm.dll+0x683bfa]
V  [jvm.dll+0x8430a4]
V  [jvm.dll+0x8449be]
V  [jvm.dll+0x845023]
V  [jvm.dll+0x24ad2f]
V  [jvm.dll+0x680ac9]
V  [jvm.dll+0x67519a]
V  [jvm.dll+0x30b3cb]
V  [jvm.dll+0x312876]
V  [jvm.dll+0x36221e]
V  [jvm.dll+0x36244f]
V  [jvm.dll+0x2e14a8]
V  [jvm.dll+0x2e2414]
V  [jvm.dll+0x814391]
V  [jvm.dll+0x36ffe1]
V  [jvm.dll+0x7f396c]
V  [jvm.dll+0x3f305f]
V  [jvm.dll+0x3f4b91]
C  [jli.dll+0x528f]
C  [ucrtbase.dll+0x29363]
C  [KERNEL32.DLL+0x1257d]
C  [ntdll.dll+0x5aa58]


---------------  P R O C E S S  ---------------

Threads class SMR info:
_java_thread_list=0x00007ffb61a1d098, length=0, elements={
}

Java Threads: ( => current thread )

Other Threads:
  0x00000204f53f5f80 GCTaskThread "GC Thread#0" [stack: 0x0000003201700000,0x0000003201800000] [id=21028]
  0x00000204f5402a80 ConcurrentGCThread "G1 Main Marker" [stack: 0x0000003201800000,0x0000003201900000] [id=17996]
  0x00000204f5403c30 ConcurrentGCThread "G1 Conc#0" [stack: 0x0000003201900000,0x0000003201a00000] [id=8612]

[error occurred during error reporting (printing all threads), id 0xc0000005, EXCEPTION_ACCESS_VIOLATION (0xc0000005) at pc=0x00007ffb611d2087]

VM state: not at safepoint (not fully initialized)

VM Mutex/Monitor currently owned by a thread:  ([mutex/lock_event])
[0x00000204f53ab760] Heap_lock - owner thread: 0x00000204f318cf90

Heap address: 0x00000000a2200000, size: 1502 MB, Compressed Oops mode: 32-bit

CDS archive(s) mapped at: [0x0000000000000000-0x0000000000000000-0x0000000000000000), size 0, SharedBaseAddress: 0x0000000800000000, ArchiveRelocationMode: 0.
Narrow klass base: 0x0000000000000000, Narrow klass shift: 0, Narrow klass range: 0x0

GC Precious Log:
<Empty>

Heap:
 garbage-first heap   total 0K, used 0K [0x00000000a2200000, 0x0000000100000000)
  region size 1024K, 0 young (0K), 0 survivors (0K)
 Metaspace       used 0K, committed 0K, reserved 0K
  class space    used 0K, committed 0K, reserved 0K

Heap Regions: E=young(eden), S=young(survivor), O=old, HS=humongous(starts), HC=humongous(continues), CS=collection set, F=free, OA=open archive, CA=closed archive, TAMS=top-at-mark-start (previous, next)

Card table byte_map: [0x00000204f90d0000,0x00000204f93c0000] _byte_map_base: 0x00000204f8bbf000

Marking Bits (Prev, Next): (CMBitMap*) 0x00000204f53f6590, (CMBitMap*) 0x00000204f53f65d0
 Prev Bits: [0x00000204f96b0000, 0x00000204fae28000)
 Next Bits: [0x00000204fae30000, 0x00000204fc5a8000)

GC Heap History (0 events):
No events

Dll operation events (1 events):
Event: 0.015 Loaded shared library C:\Program Files\Android\Android Studio\jbr\bin\java.dll

Deoptimization events (0 events):
No events

Classes unloaded (0 events):
No events

Classes redefined (0 events):
No events

Internal exceptions (0 events):
No events

VM Operations (0 events):
No events

Events (0 events):
No events


Dynamic libraries:
0x00007ff7f9040000 - 0x00007ff7f904a000 	C:\Program Files\Android\Android Studio\jbr\bin\java.EXE
0x00007ffbfe790000 - 0x00007ffbfe9a7000 	C:\WINDOWS\SYSTEM32\ntdll.dll
0x00007ffbfcd50000 - 0x00007ffbfce14000 	C:\WINDOWS\System32\KERNEL32.DLL
0x00007ffbfc130000 - 0x00007ffbfc4d6000 	C:\WINDOWS\System32\KERNELBASE.dll
0x00007ffbfbe30000 - 0x00007ffbfbf41000 	C:\WINDOWS\System32\ucrtbase.dll
0x00007ffbe5d80000 - 0x00007ffbe5d9b000 	C:\Program Files\Android\Android Studio\jbr\bin\VCRUNTIME140.dll
0x00007ffbe5dc0000 - 0x00007ffbe5dd7000 	C:\Program Files\Android\Android Studio\jbr\bin\jli.dll
0x00007ffbfdbb0000 - 0x00007ffbfdd5e000 	C:\WINDOWS\System32\USER32.dll
0x00007ffbfbb00000 - 0x00007ffbfbb26000 	C:\WINDOWS\System32\win32u.dll
0x00007ffbe1290000 - 0x00007ffbe1523000 	C:\WINDOWS\WinSxS\amd64_microsoft.windows.common-controls_6595b64144ccf1df_6.0.22621.2506_none_270c5ae97388e100\COMCTL32.dll
0x00007ffbfc990000 - 0x00007ffbfc9b9000 	C:\WINDOWS\System32\GDI32.dll
0x00007ffbfc7c0000 - 0x00007ffbfc867000 	C:\WINDOWS\System32\msvcrt.dll
0x00007ffbfbbf0000 - 0x00007ffbfbd08000 	C:\WINDOWS\System32\gdi32full.dll
0x00007ffbfbd10000 - 0x00007ffbfbdaa000 	C:\WINDOWS\System32\msvcp_win.dll
0x00007ffbfc870000 - 0x00007ffbfc8a1000 	C:\WINDOWS\System32\IMM32.DLL
0x00007ffbf5960000 - 0x00007ffbf596c000 	C:\Program Files\Android\Android Studio\jbr\bin\vcruntime140_1.dll
0x00007ffbd8370000 - 0x00007ffbd83fd000 	C:\Program Files\Android\Android Studio\jbr\bin\msvcp140.dll
0x00007ffb60ee0000 - 0x00007ffb61b60000 	C:\Program Files\Android\Android Studio\jbr\bin\server\jvm.dll
0x00007ffbfdd70000 - 0x00007ffbfde21000 	C:\WINDOWS\System32\ADVAPI32.dll
0x00007ffbfe530000 - 0x00007ffbfe5d5000 	C:\WINDOWS\System32\sechost.dll
0x00007ffbfc560000 - 0x00007ffbfc677000 	C:\WINDOWS\System32\RPCRT4.dll
0x00007ffbcb5c0000 - 0x00007ffbcb5c9000 	C:\WINDOWS\SYSTEM32\WSOCK32.dll
0x00007ffbf2fa0000 - 0x00007ffbf2faa000 	C:\WINDOWS\SYSTEM32\VERSION.dll
0x00007ffbf4760000 - 0x00007ffbf4794000 	C:\WINDOWS\SYSTEM32\WINMM.dll
0x00007ffbfc4e0000 - 0x00007ffbfc551000 	C:\WINDOWS\System32\WS2_32.dll
0x00007ffbfab00000 - 0x00007ffbfab18000 	C:\WINDOWS\SYSTEM32\kernel.appcore.dll
0x00007ffbef490000 - 0x00007ffbef49a000 	C:\Program Files\Android\Android Studio\jbr\bin\jimage.dll
0x00007ffbf9400000 - 0x00007ffbf9633000 	C:\WINDOWS\SYSTEM32\DBGHELP.DLL
0x00007ffbfc9c0000 - 0x00007ffbfcd49000 	C:\WINDOWS\System32\combase.dll
0x00007ffbfc8b0000 - 0x00007ffbfc987000 	C:\WINDOWS\System32\OLEAUT32.dll
0x00007ffbee3b0000 - 0x00007ffbee3e2000 	C:\WINDOWS\SYSTEM32\dbgcore.DLL
0x00007ffbfbdb0000 - 0x00007ffbfbe2a000 	C:\WINDOWS\System32\bcryptPrimitives.dll
0x00007ffbe35f0000 - 0x00007ffbe3615000 	C:\Program Files\Android\Android Studio\jbr\bin\java.dll

dbghelp: loaded successfully - version: 4.0.5 - missing functions: none
symbol engine: initialized successfully - sym options: 0x614 - pdb path: .;C:\Program Files\Android\Android Studio\jbr\bin;C:\WINDOWS\SYSTEM32;C:\WINDOWS\WinSxS\amd64_microsoft.windows.common-controls_6595b64144ccf1df_6.0.22621.2506_none_270c5ae97388e100;C:\Program Files\Android\Android Studio\jbr\bin\server

VM Arguments:
java_command: <unknown>
java_class_path (initial): <not set>
Launcher Type: SUN_STANDARD

[Global flags]
     intx CICompilerCount                          = 4                                         {product} {ergonomic}
     uint ConcGCThreads                            = 3                                         {product} {ergonomic}
     uint G1ConcRefinementThreads                  = 10                                        {product} {ergonomic}
   size_t G1HeapRegionSize                         = 1048576                                   {product} {ergonomic}
    uintx GCDrainStackTargetSize                   = 64                                        {product} {ergonomic}
   size_t InitialHeapSize                          = 98566144                                  {product} {ergonomic}
   size_t MarkStackSize                            = 4194304                                   {product} {ergonomic}
   size_t MaxHeapSize                              = 1574961152                                {product} {ergonomic}
   size_t MinHeapDeltaBytes                        = 1048576                                   {product} {ergonomic}
   size_t MinHeapSize                              = 8388608                                   {product} {ergonomic}
    uintx NonNMethodCodeHeapSize                   = 5839372                                {pd product} {ergonomic}
    uintx NonProfiledCodeHeapSize                  = 122909434                              {pd product} {ergonomic}
    uintx ProfiledCodeHeapSize                     = 122909434                              {pd product} {ergonomic}
    uintx ReservedCodeCacheSize                    = 251658240                              {pd product} {ergonomic}
     bool SegmentedCodeCache                       = true                                      {product} {ergonomic}
   size_t SoftMaxHeapSize                          = 1574961152                             {manageable} {ergonomic}
     bool UseCompressedClassPointers               = true                           {product lp64_product} {ergonomic}
     bool UseCompressedOops                        = true                           {product lp64_product} {ergonomic}
     bool UseG1GC                                  = true                                      {product} {ergonomic}
     bool UseLargePagesIndividualAllocation        = false                                  {pd product} {ergonomic}

Logging:
Log output configuration:
 #0: stdout all=warning uptime,level,tags
 #1: stderr all=off uptime,level,tags

Environment Variables:
JAVA_HOME=C:\Users\lenovo\.jdks\openjdk-21.0.1
PATH=C:\src\flutter\bin\;C:\Users\lenovo\.jdks\openjdk-21.0.1\bin;C:\Users\lenovo\AppData\Roaming\Code\User\globalStorage\pleiades.java-extension-pack-jdk\maven\latest\bin;C:\Users\lenovo\AppData\Roaming\Code\User\globalStorage\pleiades.java-extension-pack-jdk\gradle\latest\bin;C:\Program Files\Common Files\Oracle\Java\javapath;C:\Program Files (x86)\Common Files\Oracle\Java\javapath;C:\WINDOWS\system32;C:\WINDOWS;C:\WINDOWS\System32\Wbem;C:\WINDOWS\System32\WindowsPowerShell\v1.0\;C:\WINDOWS\System32\OpenSSH\;C:\Program Files\Microsoft SQL Server\150\Tools\Binn\;C:\Program Files\Microsoft SQL Server\130\Tools\Binn\;C:\Program Files\dotnet\;C:\ProgramData\chocolatey\bin;C:\Users\lenovo\cmdline-tools\bin;C:\Users\lenovo\platform-tools;C:\Program Files\Git\cmd;C:\src\flutter\bin;C:\Users\lenovo\AppData\Local\Pub\Cache\bin;C:\Program Files\Java\jdk-21\bin;C:\src\Android\SDK\commandlinetools-win-10406996_latest (1)\platform-tools;C:\Users\lenovo\.jdks\openjdk-21.0.1\platforms;C:\Users\lenovo\.jdks\openjdk-21.0.1\platform-tools;C:\src\Android\SDK\commandlinetools-win-10406996_latest\platforms;C:\src\Android\SDK\commandlinetools-win-10406996_latest\platform-tools;C:\src\Android\SDK\commandlinetools-win-10406996_latest;C:\gradle-8.5\bin;C:\src\jdk8u392-b08\bin;C:\Program Files\Common Files\Oracle\Java\javapath;C:\Program Files (x86)\Common Files\Oracle\Java\javapath;C:\WINDOWS\system32;C:\WINDOWS;C:\WINDOWS\System32\Wbem;C:\WINDOWS\System32\WindowsPowerShell\v1.0\;C:\WINDOWS\System32\OpenSSH\;C:\Program Files\Microsoft SQL Server\150\Tools\Binn\;C:\Program Files\Microsoft SQL Server\130\Tools\Binn\;C:\Program Files\dotnet\;C:\ProgramData\chocolatey\bin;C:\Users\lenovo\cmdline-tools\bin;C:\Users\lenovo\platform-tools;C:\Program Files\Git\cmd;C:\src\flutter\bin;C:\Users\lenovo\AppData\Local\Pub\Cache\bin;C:\Program Files\Java\jdk-21\bin;C:\src\Android\SDK\commandlinetools-win-10406996_latest (1)\platform-tools;C:\Users\lenovo\.jdks\openjdk-21.0.1\platforms;C:\Users\lenovo\.jdks
USERNAME=lenovo
LANG=en_US.UTF-8
OS=Windows_NT
PROCESSOR_IDENTIFIER=AMD64 Family 23 Model 104 Stepping 1, AuthenticAMD
TMP=C:\Users\lenovo\AppData\Local\Temp
TEMP=C:\Users\lenovo\AppData\Local\Temp


JNI global refs:
JNI global refs: 0, weak refs: 0

JNI global refs memory usage: 0, weak refs: 0

OOME stack traces (most recent first):
Classloader memory used:


---------------  S Y S T E M  ---------------

OS:
 Windows 11 , 64 bit Build 22621 (10.0.22621.2506)
OS uptime: 0 days 11:01 hours

CPU: total 12 (initial active 12) (12 cores per cpu, 2 threads per core) family 23 model 104 stepping 1 microcode 0x0, cx8, cmov, fxsr, ht, mmx, 3dnowpref, sse, sse2, sse3, ssse3, sse4a, sse4.1, sse4.2, popcnt, lzcnt, tsc, tscinvbit, avx, avx2, aes, clmul, bmi1, bmi2, adx, sha, fma, vzeroupper, clflush, clflushopt

Memory: 4k page, system-wide physical 6005M (352M free)
TotalPageFile size 24437M (AvailPageFile size 88M)
current process WorkingSet (physical memory assigned to process): 11M, peak: 11M
current process commit charge ("private bytes"): 64M, peak: 158M

vm_info: OpenJDK 64-Bit Server VM (17.0.7+0-b2043.56-10550314) for windows-amd64 JRE (17.0.7+0-b2043.56-10550314), built on Jul 24 2023 18:27:45 by "androidbuild" with MS VC++ 16.10 / 16.11 (VS2019)

END.
