#
# There is insufficient memory for the Java Runtime Environment to continue.
# Native memory allocation (malloc) failed to allocate 311856 bytes for Chunk::new
# Possible reasons:
#   The system is out of physical RAM or swap space
#   The process is running with CompressedOops enabled, and the Java Heap may be blocking the growth of the native heap
# Possible solutions:
#   Reduce memory load on the system
#   Increase physical memory or swap space
#   Check if swap backing store is full
#   Decrease Java heap size (-Xmx/-Xms)
#   Decrease number of Java threads
#   Decrease Java thread stack sizes (-Xss)
#   Set larger code cache with -XX:ReservedCodeCacheSize=
#   JVM is running with Unscaled Compressed Oops mode in which the Java heap is
#     placed in the first 4GB address space. The Java Heap base address is the
#     maximum limit for the native heap growth. Please use -XX:HeapBaseMinAddress
#     to set the Java Heap base and to place the Java Heap above 4GB virtual address.
# This output file may be truncated or incomplete.
#
#  Out of Memory Error (arena.cpp:191), pid=16976, tid=14084
#
# JRE version: OpenJDK Runtime Environment Temurin-17.0.9+9 (17.0.9+9) (build 17.0.9+9)
# Java VM: OpenJDK 64-Bit Server VM Temurin-17.0.9+9 (17.0.9+9, mixed mode, tiered, compressed oops, compressed class ptrs, parallel gc, windows-amd64)
# No core dump will be written. Minidumps are not enabled by default on client versions of Windows
#

---------------  S U M M A R Y ------------

Command Line: --add-modules=ALL-SYSTEM --add-opens=java.base/java.util=ALL-UNNAMED --add-opens=java.base/java.lang=ALL-UNNAMED --add-opens=java.base/sun.nio.fs=ALL-UNNAMED -Declipse.application=org.eclipse.jdt.ls.core.id1 -Dosgi.bundles.defaultStartLevel=4 -Declipse.product=org.eclipse.jdt.ls.core.product -Djava.import.generatesMetadataFilesAtProjectRoot=false -DDetectVMInstallationsJob.disabled=true -Dfile.encoding=utf8 -XX:+UseParallelGC -XX:GCTimeRatio=4 -XX:AdaptiveSizePolicyWeight=90 -Dsun.zip.disableMemoryMapping=true -Xmx1G -Xms100m -Xlog:disable -javaagent:c:\Users\lenovo\.vscode\extensions\redhat.java-1.26.0-win32-x64\lombok\lombok-1.18.31-3454.jar -XX:+HeapDumpOnOutOfMemoryError -XX:HeapDumpPath=c:\Users\lenovo\AppData\Roaming\Code\User\workspaceStorage\1e6697cf5d1c474039ebe2b296156fc6\redhat.java -Daether.dependencyCollector.impl=bf c:\Users\lenovo\.vscode\extensions\redhat.java-1.26.0-win32-x64\server\plugins\org.eclipse.equinox.launcher_1.6.700.v20231214-2017.jar -configuration c:\Users\lenovo\AppData\Roaming\Code\User\globalStorage\redhat.java\1.26.0\config_win -data c:\Users\lenovo\AppData\Roaming\Code\User\workspaceStorage\1e6697cf5d1c474039ebe2b296156fc6\redhat.java\jdt_ws --stdio

Host: AMD Ryzen 5 5500U with Radeon Graphics         , 12 cores, 5G,  Windows 11 , 64 bit Build 22621 (10.0.22621.2506)
Time: Wed Jan 24 21:13:12 2024 Malay Peninsula Standard Time elapsed time: 23.037682 seconds (0d 0h 0m 23s)

---------------  T H R E A D  ---------------

Current thread (0x000002647aec9df0):  JavaThread "C2 CompilerThread0" daemon [_thread_in_native, id=14084, stack(0x000000f174500000,0x000000f174600000)]


Current CompileTask:
C2:  23037 7639       4       org.eclipse.jdt.internal.core.util.Util::quickSort (107 bytes)

Stack: [0x000000f174500000,0x000000f174600000]
Native frames: (J=compiled Java code, j=interpreted, Vv=VM code, C=native code)
V  [jvm.dll+0x67cf49]
V  [jvm.dll+0x83478a]
V  [jvm.dll+0x83624e]
V  [jvm.dll+0x8368b3]
V  [jvm.dll+0x247f1f]
V  [jvm.dll+0xac43c]
V  [jvm.dll+0xaca8c]
V  [jvm.dll+0x367012]
V  [jvm.dll+0x1bd722]
V  [jvm.dll+0x21a709]
V  [jvm.dll+0x2199d1]
V  [jvm.dll+0x1a57cd]
V  [jvm.dll+0x2297ae]
V  [jvm.dll+0x22797c]
V  [jvm.dll+0x7e9877]
V  [jvm.dll+0x7e3c3a]
V  [jvm.dll+0x67be35]
C  [ucrtbase.dll+0x29363]
C  [KERNEL32.DLL+0x1257d]
C  [ntdll.dll+0x5aa58]


---------------  P R O C E S S  ---------------

Threads class SMR info:
_java_thread_list=0x000002641be99000, length=43, elements={
0x000002646ef36b10, 0x0000026475d03020, 0x0000026475d05560, 0x0000026475d0e3f0,
0x000002647aea5070, 0x000002647aea65a0, 0x000002647aec71e0, 0x000002647aec9df0,
0x000002647af22d60, 0x000002647af47a00, 0x000002647afc6390, 0x000002647c640060,
0x000002647d04eab0, 0x000002647d02e110, 0x000002647cff3270, 0x000002647d58a5a0,
0x000002647d4662b0, 0x000002647d4864e0, 0x000002647d482d30, 0x000002647d4850a0,
0x000002647d485fd0, 0x000002647d484170, 0x000002647d484680, 0x000002647d4855b0,
0x000002647d483750, 0x000002640fc0fcf0, 0x000002640fc16740, 0x000002640fc148e0,
0x000002640fc134a0, 0x000002640fc10200, 0x000002640fc12060, 0x000002640fc14df0,
0x000002640fc16230, 0x000002640fc16c50, 0x000002640fc0f7e0, 0x000002640fc12570,
0x000002640fc10c20, 0x000002640fc11130, 0x000002640fc11640, 0x000002640fc12a80,
0x000002640fc17160, 0x000002640fc13ec0, 0x00000264114a3a10
}

Java Threads: ( => current thread )
  0x000002646ef36b10 JavaThread "main" [_thread_blocked, id=34712, stack(0x000000f173c00000,0x000000f173d00000)]
  0x0000026475d03020 JavaThread "Reference Handler" daemon [_thread_blocked, id=26792, stack(0x000000f173f00000,0x000000f174000000)]
  0x0000026475d05560 JavaThread "Finalizer" daemon [_thread_blocked, id=27876, stack(0x000000f174000000,0x000000f174100000)]
  0x0000026475d0e3f0 JavaThread "Signal Dispatcher" daemon [_thread_blocked, id=16328, stack(0x000000f174100000,0x000000f174200000)]
  0x000002647aea5070 JavaThread "Attach Listener" daemon [_thread_blocked, id=17032, stack(0x000000f174200000,0x000000f174300000)]
  0x000002647aea65a0 JavaThread "Service Thread" daemon [_thread_blocked, id=18732, stack(0x000000f174300000,0x000000f174400000)]
  0x000002647aec71e0 JavaThread "Monitor Deflation Thread" daemon [_thread_blocked, id=23436, stack(0x000000f174400000,0x000000f174500000)]
=>0x000002647aec9df0 JavaThread "C2 CompilerThread0" daemon [_thread_in_native, id=14084, stack(0x000000f174500000,0x000000f174600000)]
  0x000002647af22d60 JavaThread "C1 CompilerThread0" daemon [_thread_blocked, id=18156, stack(0x000000f174600000,0x000000f174700000)]
  0x000002647af47a00 JavaThread "Sweeper thread" daemon [_thread_blocked, id=29700, stack(0x000000f174700000,0x000000f174800000)]
  0x000002647afc6390 JavaThread "Common-Cleaner" daemon [_thread_blocked, id=32044, stack(0x000000f174800000,0x000000f174900000)]
  0x000002647c640060 JavaThread "Notification Thread" daemon [_thread_blocked, id=22324, stack(0x000000f174900000,0x000000f174a00000)]
  0x000002647d04eab0 JavaThread "Active Thread: Equinox Container: 933ff168-2336-4f84-8650-65cd7648f03a" [_thread_blocked, id=31804, stack(0x000000f175100000,0x000000f175200000)]
  0x000002647d02e110 JavaThread "Framework Event Dispatcher: Equinox Container: 933ff168-2336-4f84-8650-65cd7648f03a" daemon [_thread_blocked, id=25988, stack(0x000000f175200000,0x000000f175300000)]
  0x000002647cff3270 JavaThread "Start Level: Equinox Container: 933ff168-2336-4f84-8650-65cd7648f03a" daemon [_thread_blocked, id=23864, stack(0x000000f175300000,0x000000f175400000)]
  0x000002647d58a5a0 JavaThread "Bundle File Closer" daemon [_thread_blocked, id=5004, stack(0x000000f175500000,0x000000f175600000)]
  0x000002647d4662b0 JavaThread "SCR Component Actor" daemon [_thread_blocked, id=5060, stack(0x000000f175600000,0x000000f175700000)]
  0x000002647d4864e0 JavaThread "Worker-JM" [_thread_blocked, id=10356, stack(0x000000f175a00000,0x000000f175b00000)]
  0x000002647d482d30 JavaThread "Worker-0: Initialize Workspace" [_thread_blocked, id=15560, stack(0x000000f175b00000,0x000000f175c00000)]
  0x000002647d4850a0 JavaThread "Worker-1" [_thread_blocked, id=7764, stack(0x000000f175c00000,0x000000f175d00000)]
  0x000002647d485fd0 JavaThread "Java indexing" daemon [_thread_blocked, id=25440, stack(0x000000f175d00000,0x000000f175e00000)]
  0x000002647d484170 JavaThread "Worker-2" [_thread_blocked, id=32468, stack(0x000000f175e00000,0x000000f175f00000)]
  0x000002647d484680 JavaThread "Worker-3" [_thread_blocked, id=19832, stack(0x000000f175f00000,0x000000f176000000)]
  0x000002647d4855b0 JavaThread "JNA Cleaner" daemon [_thread_blocked, id=27692, stack(0x000000f176100000,0x000000f176200000)]
  0x000002647d483750 JavaThread "pool-2-thread-1" [_thread_blocked, id=20104, stack(0x000000f176300000,0x000000f176400000)]
  0x000002640fc0fcf0 JavaThread "WorkspaceEventsHandler" [_thread_blocked, id=13328, stack(0x000000f176400000,0x000000f176500000)]
  0x000002640fc16740 JavaThread "pool-1-thread-1" [_thread_blocked, id=30836, stack(0x000000f176500000,0x000000f176600000)]
  0x000002640fc148e0 JavaThread "Timer-0" [_thread_blocked, id=25360, stack(0x000000f176600000,0x000000f176700000)]
  0x000002640fc134a0 JavaThread "Timer-1" [_thread_blocked, id=24056, stack(0x000000f176700000,0x000000f176800000)]
  0x000002640fc10200 JavaThread "Worker-4: Java indexing... " [_thread_blocked, id=20948, stack(0x000000f175900000,0x000000f175a00000)]
  0x000002640fc12060 JavaThread "Worker-5" [_thread_blocked, id=19872, stack(0x000000f176900000,0x000000f176a00000)]
  0x000002640fc14df0 JavaThread "Timer-2" [_thread_blocked, id=27052, stack(0x000000f176a00000,0x000000f176b00000)]
  0x000002640fc16230 JavaThread "Exec process" [_thread_blocked, id=24088, stack(0x000000f176c00000,0x000000f176d00000)]
  0x000002640fc16c50 JavaThread "Exec process Thread 2" [_thread_blocked, id=26940, stack(0x000000f176d00000,0x000000f176e00000)]
  0x000002640fc0f7e0 JavaThread "Exec process Thread 3" [_thread_blocked, id=16572, stack(0x000000f176e00000,0x000000f176f00000)]
  0x000002640fc12570 JavaThread "Timer-3" [_thread_blocked, id=34388, stack(0x000000f176800000,0x000000f176900000)]
  0x000002640fc10c20 JavaThread "Timer-4" [_thread_blocked, id=10604, stack(0x000000f176b00000,0x000000f176c00000)]
  0x000002640fc11130 JavaThread "Timer-5" [_thread_blocked, id=28160, stack(0x000000f176f00000,0x000000f177000000)]
  0x000002640fc11640 JavaThread "Connection worker" [_thread_blocked, id=24168, stack(0x000000f177000000,0x000000f177100000)]
  0x000002640fc12a80 JavaThread "pool-3-thread-1" [_thread_blocked, id=32428, stack(0x000000f177100000,0x000000f177200000)]
  0x000002640fc17160 JavaThread "Exec process" [_thread_in_native, id=6332, stack(0x000000f176000000,0x000000f176100000)]
  0x000002640fc13ec0 JavaThread "Exec process Thread 2" [_thread_blocked, id=26096, stack(0x000000f177200000,0x000000f177300000)]
  0x00000264114a3a10 JavaThread "C2 CompilerThread1" daemon [_thread_blocked, id=18268, stack(0x000000f176200000,0x000000f176300000)]

Other Threads:
  0x000002646ed6ec60 VMThread "VM Thread" [stack: 0x000000f173e00000,0x000000f173f00000] [id=19572]
  0x000002647b19c540 WatcherThread [stack: 0x000000f174a00000,0x000000f174b00000] [id=23092]
  0x000002646ef4be00 GCTaskThread "GC Thread#0" [stack: 0x000000f173d00000,0x000000f173e00000] [id=22448]
  0x000002647c987e50 GCTaskThread "GC Thread#1" [stack: 0x000000f174b00000,0x000000f174c00000] [id=3120]
  0x000002647d09ac90 GCTaskThread "GC Thread#2" [stack: 0x000000f174c00000,0x000000f174d00000] [id=27984]
  0x000002647b1f7190 GCTaskThread "GC Thread#3" [stack: 0x000000f174d00000,0x000000f174e00000] [id=17316]
  0x000002647b1f7450 GCTaskThread "GC Thread#4" [stack: 0x000000f174e00000,0x000000f174f00000] [id=7340]
  0x000002647b1f7b10 GCTaskThread "GC Thread#5" [stack: 0x000000f174f00000,0x000000f175000000] [id=19000]
  0x000002647cdd8ec0 GCTaskThread "GC Thread#6" [stack: 0x000000f175000000,0x000000f175100000] [id=30628]
  0x000002647cad45b0 GCTaskThread "GC Thread#7" [stack: 0x000000f175400000,0x000000f175500000] [id=5068]
  0x000002647d3a9380 GCTaskThread "GC Thread#8" [stack: 0x000000f175700000,0x000000f175800000] [id=20792]
  0x000002647d3a9640 GCTaskThread "GC Thread#9" [stack: 0x000000f175800000,0x000000f175900000] [id=34644]

Threads with active compile tasks:
C2 CompilerThread0    23090 7639       4       org.eclipse.jdt.internal.core.util.Util::quickSort (107 bytes)
C2 CompilerThread1    23090 7656       4       java.util.regex.Pattern$Slice::match (79 bytes)

VM state: at safepoint (normal execution)

VM Mutex/Monitor currently owned by a thread:  ([mutex/lock_event])
[0x000002646ef33fe0] Threads_lock - owner thread: 0x000002646ed6ec60
[0x000002646ef339b0] Heap_lock - owner thread: 0x000002647d485fd0

Heap address: 0x00000000c0000000, size: 1024 MB, Compressed Oops mode: 32-bit

CDS archive(s) not mapped
Compressed class space mapped at: 0x0000000100000000-0x0000000140000000, reserved size: 1073741824
Narrow klass base: 0x0000000000000000, Narrow klass shift: 3, Narrow klass range: 0x140000000

GC Precious Log:
 CPUs: 12 total, 12 available
 Memory: 6005M
 Large Page Support: Disabled
 NUMA Support: Disabled
 Compressed Oops: Enabled (32-bit)
 Alignments: Space 512K, Generation 512K, Heap 2M
 Heap Min Capacity: 100M
 Heap Initial Capacity: 100M
 Heap Max Capacity: 1G
 Pre-touch: Disabled
 Parallel Workers: 10

Heap:
 PSYoungGen      total 31232K, used 13824K [0x00000000eab00000, 0x00000000edc80000, 0x0000000100000000)
  eden space 13824K, 100% used [0x00000000eab00000,0x00000000eb880000,0x00000000eb880000)
  from space 17408K, 0% used [0x00000000ecb80000,0x00000000ecb80000,0x00000000edc80000)
  to   space 17920K, 0% used [0x00000000eb880000,0x00000000eb880000,0x00000000eca00000)
 ParOldGen       total 291328K, used 291096K [0x00000000c0000000, 0x00000000d1c80000, 0x00000000eab00000)
  object space 291328K, 99% used [0x00000000c0000000,0x00000000d1c46118,0x00000000d1c80000)
 Metaspace       used 68321K, committed 69440K, reserved 1114112K
  class space    used 8272K, committed 8768K, reserved 1048576K

Card table byte_map: [0x0000026473580000,0x0000026473790000] _byte_map_base: 0x0000026472f80000

Marking Bits: (ParMarkBitMap*) 0x00007ffdfc76d0b0
 Begin Bits: [0x00000264738f0000, 0x00000264748f0000)
 End Bits:   [0x00000264748f0000, 0x00000264758f0000)

Polling page: 0x000002646efe0000

Metaspace:

Usage:
  Non-class:     58.64 MB used.
      Class:      8.08 MB used.
       Both:     66.72 MB used.

Virtual space:
  Non-class space:       64.00 MB reserved,      59.25 MB ( 93%) committed,  1 nodes.
      Class space:        1.00 GB reserved,       8.56 MB ( <1%) committed,  1 nodes.
             Both:        1.06 GB reserved,      67.81 MB (  6%) committed. 

Chunk freelists:
   Non-Class:  4.14 MB
       Class:  7.34 MB
        Both:  11.48 MB

MaxMetaspaceSize: unlimited
CompressedClassSpaceSize: 1.00 GB
Initial GC threshold: 21.00 MB
Current GC threshold: 112.81 MB
CDS: off
MetaspaceReclaimPolicy: balanced
 - commit_granule_bytes: 65536.
 - commit_granule_words: 8192.
 - virtual_space_node_default_size: 8388608.
 - enlarge_chunks_in_place: 1.
 - new_chunks_are_fully_committed: 0.
 - uncommit_free_chunks: 1.
 - use_allocation_guard: 0.
 - handle_deallocations: 1.


Internal statistics:

num_allocs_failed_limit: 9.
num_arena_births: 572.
num_arena_deaths: 14.
num_vsnodes_births: 2.
num_vsnodes_deaths: 0.
num_space_committed: 1085.
num_space_uncommitted: 0.
num_chunks_returned_to_freelist: 23.
num_chunks_taken_from_freelist: 3111.
num_chunk_merges: 11.
num_chunk_splits: 2019.
num_chunks_enlarged: 1282.
num_inconsistent_stats: 0.

CodeHeap 'non-profiled nmethods': size=120000Kb used=5082Kb max_used=5082Kb free=114917Kb
 bounds [0x0000026407ad0000, 0x0000026407fe0000, 0x000002640f000000]
CodeHeap 'profiled nmethods': size=120000Kb used=11662Kb max_used=13791Kb free=108337Kb
 bounds [0x0000026400000000, 0x0000026400d80000, 0x0000026407530000]
CodeHeap 'non-nmethods': size=5760Kb used=1329Kb max_used=1430Kb free=4430Kb
 bounds [0x0000026407530000, 0x00000264077a0000, 0x0000026407ad0000]
 total_blobs=6921 nmethods=6252 adapters=581
 compilation: enabled
              stopped_count=0, restarted_count=0
 full_count=0

Compilation events (20 events):
Event: 22.325 Thread 0x000002647aec9df0 nmethod 7634 0x0000026407ce0010 code [0x0000026407ce01c0, 0x0000026407ce0898]
Event: 22.893 Thread 0x000002647aec9df0 7635       4       org.eclipse.jdt.internal.compiler.util.SimpleLookupTable::rehash (86 bytes)
Event: 22.909 Thread 0x000002647af22d60 7636 %     3       org.eclipse.jdt.internal.core.index.DiskIndex::computeDocumentNames @ 98 (599 bytes)
Event: 22.912 Thread 0x000002647af22d60 nmethod 7636% 0x00000264000c2890 code [0x00000264000c2ce0, 0x00000264000c5528]
Event: 22.927 Thread 0x000002647aec9df0 nmethod 7635 0x0000026407cde890 code [0x0000026407cdeaa0, 0x0000026407cdf958]
Event: 22.927 Thread 0x000002647aec9df0 7638 %     4       org.eclipse.jdt.internal.core.util.Util::quickSort @ 19 (107 bytes)
Event: 22.947 Thread 0x000002647aec9df0 nmethod 7638% 0x0000026407ca9f10 code [0x0000026407caa0e0, 0x0000026407caaf38]
Event: 22.947 Thread 0x000002647aec9df0 7637 %     4       org.eclipse.jdt.internal.core.index.DiskIndex::computeDocumentNames @ 98 (599 bytes)
Event: 22.956 Thread 0x000002647aec9df0 nmethod 7637% 0x0000026407cddf10 code [0x0000026407cde0c0, 0x0000026407cde448]
Event: 22.956 Thread 0x000002647aec9df0 7639       4       org.eclipse.jdt.internal.core.util.Util::quickSort (107 bytes)
Event: 22.989 Thread 0x000002647af22d60 7641       1       java.lang.invoke.MethodHandleImpl$AsVarargsCollector::getTarget (5 bytes)
Event: 22.989 Thread 0x000002647af22d60 nmethod 7641 0x0000026407ca9c10 code [0x0000026407ca9da0, 0x0000026407ca9e78]
Event: 22.995 Thread 0x000002647af22d60 7642       3       org.eclipse.jdt.internal.core.index.DiskIndex::writeStreamChars (285 bytes)
Event: 22.996 Thread 0x000002647af22d60 nmethod 7642 0x00000264000efb10 code [0x00000264000efce0, 0x00000264000f0138]
Event: 22.996 Thread 0x000002647af22d60 7643       3       org.eclipse.jdt.internal.core.index.DiskIndex::writeStreamChars (220 bytes)
Event: 22.996 Thread 0x000002647af22d60 nmethod 7643 0x000002640017fa10 code [0x000002640017fc20, 0x00000264001801e8]
Event: 23.003 Thread 0x000002647af22d60 7644 %     3       org.eclipse.jdt.internal.core.index.DiskIndex::writeAllDocumentNames @ 300 (512 bytes)
Event: 23.010 Thread 0x000002647af22d60 nmethod 7644% 0x0000026400831e10 code [0x0000026400832300, 0x0000026400835268]
Event: 23.011 Thread 0x000002647af22d60 7646       3       org.eclipse.jdt.internal.core.index.DiskIndex::writeAllDocumentNames (512 bytes)
Event: 23.017 Thread 0x000002647af22d60 nmethod 7646 0x00000264002ad990 code [0x00000264002ade60, 0x00000264002b0808]

GC Heap History (20 events):
Event: 21.891 GC heap before
{Heap before GC invocations=263 (full 11):
 PSYoungGen      total 19968K, used 19820K [0x00000000eab00000, 0x00000000ec300000, 0x0000000100000000)
  eden space 16384K, 100% used [0x00000000eab00000,0x00000000ebb00000,0x00000000ebb00000)
  from space 3584K, 95% used [0x00000000ebf80000,0x00000000ec2db3e8,0x00000000ec300000)
  to   space 3584K, 0% used [0x00000000ebc00000,0x00000000ebc00000,0x00000000ebf80000)
 ParOldGen       total 291328K, used 244931K [0x00000000c0000000, 0x00000000d1c80000, 0x00000000eab00000)
  object space 291328K, 84% used [0x00000000c0000000,0x00000000cef30e40,0x00000000d1c80000)
 Metaspace       used 68246K, committed 69376K, reserved 1114112K
  class space    used 8267K, committed 8768K, reserved 1048576K
}
Event: 21.896 GC heap after
{Heap after GC invocations=263 (full 11):
 PSYoungGen      total 19968K, used 3553K [0x00000000eab00000, 0x00000000eca00000, 0x0000000100000000)
  eden space 16384K, 0% used [0x00000000eab00000,0x00000000eab00000,0x00000000ebb00000)
  from space 3584K, 99% used [0x00000000ebc00000,0x00000000ebf785d8,0x00000000ebf80000)
  to   space 7680K, 0% used [0x00000000ec280000,0x00000000ec280000,0x00000000eca00000)
 ParOldGen       total 291328K, used 248153K [0x00000000c0000000, 0x00000000d1c80000, 0x00000000eab00000)
  object space 291328K, 85% used [0x00000000c0000000,0x00000000cf256620,0x00000000d1c80000)
 Metaspace       used 68246K, committed 69376K, reserved 1114112K
  class space    used 8267K, committed 8768K, reserved 1048576K
}
Event: 21.977 GC heap before
{Heap before GC invocations=264 (full 11):
 PSYoungGen      total 19968K, used 19937K [0x00000000eab00000, 0x00000000eca00000, 0x0000000100000000)
  eden space 16384K, 100% used [0x00000000eab00000,0x00000000ebb00000,0x00000000ebb00000)
  from space 3584K, 99% used [0x00000000ebc00000,0x00000000ebf785d8,0x00000000ebf80000)
  to   space 7680K, 0% used [0x00000000ec280000,0x00000000ec280000,0x00000000eca00000)
 ParOldGen       total 291328K, used 248153K [0x00000000c0000000, 0x00000000d1c80000, 0x00000000eab00000)
  object space 291328K, 85% used [0x00000000c0000000,0x00000000cf256620,0x00000000d1c80000)
 Metaspace       used 68305K, committed 69440K, reserved 1114112K
  class space    used 8272K, committed 8768K, reserved 1048576K
}
Event: 21.986 GC heap after
{Heap after GC invocations=264 (full 11):
 PSYoungGen      total 22528K, used 6135K [0x00000000eab00000, 0x00000000ec880000, 0x0000000100000000)
  eden space 16384K, 0% used [0x00000000eab00000,0x00000000eab00000,0x00000000ebb00000)
  from space 6144K, 99% used [0x00000000ec280000,0x00000000ec87dc68,0x00000000ec880000)
  to   space 6656K, 0% used [0x00000000ebb80000,0x00000000ebb80000,0x00000000ec200000)
 ParOldGen       total 291328K, used 249912K [0x00000000c0000000, 0x00000000d1c80000, 0x00000000eab00000)
  object space 291328K, 85% used [0x00000000c0000000,0x00000000cf40e060,0x00000000d1c80000)
 Metaspace       used 68305K, committed 69440K, reserved 1114112K
  class space    used 8272K, committed 8768K, reserved 1048576K
}
Event: 22.059 GC heap before
{Heap before GC invocations=265 (full 11):
 PSYoungGen      total 22528K, used 22519K [0x00000000eab00000, 0x00000000ec880000, 0x0000000100000000)
  eden space 16384K, 100% used [0x00000000eab00000,0x00000000ebb00000,0x00000000ebb00000)
  from space 6144K, 99% used [0x00000000ec280000,0x00000000ec87dc68,0x00000000ec880000)
  to   space 6656K, 0% used [0x00000000ebb80000,0x00000000ebb80000,0x00000000ec200000)
 ParOldGen       total 291328K, used 249912K [0x00000000c0000000, 0x00000000d1c80000, 0x00000000eab00000)
  object space 291328K, 85% used [0x00000000c0000000,0x00000000cf40e060,0x00000000d1c80000)
 Metaspace       used 68306K, committed 69440K, reserved 1114112K
  class space    used 8272K, committed 8768K, reserved 1048576K
}
Event: 22.068 GC heap after
{Heap after GC invocations=265 (full 11):
 PSYoungGen      total 23040K, used 6638K [0x00000000eab00000, 0x00000000ecf00000, 0x0000000100000000)
  eden space 16384K, 0% used [0x00000000eab00000,0x00000000eab00000,0x00000000ebb00000)
  from space 6656K, 99% used [0x00000000ebb80000,0x00000000ec1fb8c8,0x00000000ec200000)
  to   space 10240K, 0% used [0x00000000ec500000,0x00000000ec500000,0x00000000ecf00000)
 ParOldGen       total 291328K, used 252652K [0x00000000c0000000, 0x00000000d1c80000, 0x00000000eab00000)
  object space 291328K, 86% used [0x00000000c0000000,0x00000000cf6bb2d8,0x00000000d1c80000)
 Metaspace       used 68306K, committed 69440K, reserved 1114112K
  class space    used 8272K, committed 8768K, reserved 1048576K
}
Event: 22.135 GC heap before
{Heap before GC invocations=266 (full 11):
 PSYoungGen      total 23040K, used 23022K [0x00000000eab00000, 0x00000000ecf00000, 0x0000000100000000)
  eden space 16384K, 100% used [0x00000000eab00000,0x00000000ebb00000,0x00000000ebb00000)
  from space 6656K, 99% used [0x00000000ebb80000,0x00000000ec1fb8c8,0x00000000ec200000)
  to   space 10240K, 0% used [0x00000000ec500000,0x00000000ec500000,0x00000000ecf00000)
 ParOldGen       total 291328K, used 252652K [0x00000000c0000000, 0x00000000d1c80000, 0x00000000eab00000)
  object space 291328K, 86% used [0x00000000c0000000,0x00000000cf6bb2d8,0x00000000d1c80000)
 Metaspace       used 68306K, committed 69440K, reserved 1114112K
  class space    used 8272K, committed 8768K, reserved 1048576K
}
Event: 22.150 GC heap after
{Heap after GC invocations=266 (full 11):
 PSYoungGen      total 26624K, used 6942K [0x00000000eab00000, 0x00000000ecd00000, 0x0000000100000000)
  eden space 18432K, 0% used [0x00000000eab00000,0x00000000eab00000,0x00000000ebd00000)
  from space 8192K, 84% used [0x00000000ec500000,0x00000000ecbc7b98,0x00000000ecd00000)
  to   space 8192K, 0% used [0x00000000ebd00000,0x00000000ebd00000,0x00000000ec500000)
 ParOldGen       total 291328K, used 256890K [0x00000000c0000000, 0x00000000d1c80000, 0x00000000eab00000)
  object space 291328K, 88% used [0x00000000c0000000,0x00000000cfadeb90,0x00000000d1c80000)
 Metaspace       used 68306K, committed 69440K, reserved 1114112K
  class space    used 8272K, committed 8768K, reserved 1048576K
}
Event: 22.224 GC heap before
{Heap before GC invocations=267 (full 11):
 PSYoungGen      total 26624K, used 25367K [0x00000000eab00000, 0x00000000ecd00000, 0x0000000100000000)
  eden space 18432K, 99% used [0x00000000eab00000,0x00000000ebcfe220,0x00000000ebd00000)
  from space 8192K, 84% used [0x00000000ec500000,0x00000000ecbc7b98,0x00000000ecd00000)
  to   space 8192K, 0% used [0x00000000ebd00000,0x00000000ebd00000,0x00000000ec500000)
 ParOldGen       total 291328K, used 256890K [0x00000000c0000000, 0x00000000d1c80000, 0x00000000eab00000)
  object space 291328K, 88% used [0x00000000c0000000,0x00000000cfadeb90,0x00000000d1c80000)
 Metaspace       used 68306K, committed 69440K, reserved 1114112K
  class space    used 8272K, committed 8768K, reserved 1048576K
}
Event: 22.230 GC heap after
{Heap after GC invocations=267 (full 11):
 PSYoungGen      total 26624K, used 8191K [0x00000000eab00000, 0x00000000ed900000, 0x0000000100000000)
  eden space 18432K, 0% used [0x00000000eab00000,0x00000000eab00000,0x00000000ebd00000)
  from space 8192K, 99% used [0x00000000ebd00000,0x00000000ec4ffc40,0x00000000ec500000)
  to   space 13312K, 0% used [0x00000000ecc00000,0x00000000ecc00000,0x00000000ed900000)
 ParOldGen       total 291328K, used 260758K [0x00000000c0000000, 0x00000000d1c80000, 0x00000000eab00000)
  object space 291328K, 89% used [0x00000000c0000000,0x00000000cfea5af8,0x00000000d1c80000)
 Metaspace       used 68306K, committed 69440K, reserved 1114112K
  class space    used 8272K, committed 8768K, reserved 1048576K
}
Event: 22.263 GC heap before
{Heap before GC invocations=268 (full 11):
 PSYoungGen      total 26624K, used 26623K [0x00000000eab00000, 0x00000000ed900000, 0x0000000100000000)
  eden space 18432K, 100% used [0x00000000eab00000,0x00000000ebd00000,0x00000000ebd00000)
  from space 8192K, 99% used [0x00000000ebd00000,0x00000000ec4ffc40,0x00000000ec500000)
  to   space 13312K, 0% used [0x00000000ecc00000,0x00000000ecc00000,0x00000000ed900000)
 ParOldGen       total 291328K, used 260758K [0x00000000c0000000, 0x00000000d1c80000, 0x00000000eab00000)
  object space 291328K, 89% used [0x00000000c0000000,0x00000000cfea5af8,0x00000000d1c80000)
 Metaspace       used 68306K, committed 69440K, reserved 1114112K
  class space    used 8272K, committed 8768K, reserved 1048576K
}
Event: 22.271 GC heap after
{Heap after GC invocations=268 (full 11):
 PSYoungGen      total 27648K, used 6365K [0x00000000eab00000, 0x00000000ed280000, 0x0000000100000000)
  eden space 20992K, 0% used [0x00000000eab00000,0x00000000eab00000,0x00000000ebf80000)
  from space 6656K, 95% used [0x00000000ecc00000,0x00000000ed237720,0x00000000ed280000)
  to   space 8704K, 0% used [0x00000000ec180000,0x00000000ec180000,0x00000000eca00000)
 ParOldGen       total 291328K, used 268957K [0x00000000c0000000, 0x00000000d1c80000, 0x00000000eab00000)
  object space 291328K, 92% used [0x00000000c0000000,0x00000000d06a7460,0x00000000d1c80000)
 Metaspace       used 68306K, committed 69440K, reserved 1114112K
  class space    used 8272K, committed 8768K, reserved 1048576K
}
Event: 22.319 GC heap before
{Heap before GC invocations=269 (full 11):
 PSYoungGen      total 27648K, used 27357K [0x00000000eab00000, 0x00000000ed280000, 0x0000000100000000)
  eden space 20992K, 100% used [0x00000000eab00000,0x00000000ebf80000,0x00000000ebf80000)
  from space 6656K, 95% used [0x00000000ecc00000,0x00000000ed237720,0x00000000ed280000)
  to   space 8704K, 0% used [0x00000000ec180000,0x00000000ec180000,0x00000000eca00000)
 ParOldGen       total 291328K, used 268957K [0x00000000c0000000, 0x00000000d1c80000, 0x00000000eab00000)
  object space 291328K, 92% used [0x00000000c0000000,0x00000000d06a7460,0x00000000d1c80000)
 Metaspace       used 68306K, committed 69440K, reserved 1114112K
  class space    used 8272K, committed 8768K, reserved 1048576K
}
Event: 22.324 GC heap after
{Heap after GC invocations=269 (full 11):
 PSYoungGen      total 31744K, used 7447K [0x00000000eab00000, 0x00000000ed200000, 0x0000000100000000)
  eden space 23040K, 0% used [0x00000000eab00000,0x00000000eab00000,0x00000000ec180000)
  from space 8704K, 85% used [0x00000000ec180000,0x00000000ec8c5d98,0x00000000eca00000)
  to   space 8192K, 0% used [0x00000000eca00000,0x00000000eca00000,0x00000000ed200000)
 ParOldGen       total 291328K, used 275133K [0x00000000c0000000, 0x00000000d1c80000, 0x00000000eab00000)
  object space 291328K, 94% used [0x00000000c0000000,0x00000000d0caf5e0,0x00000000d1c80000)
 Metaspace       used 68306K, committed 69440K, reserved 1114112K
  class space    used 8272K, committed 8768K, reserved 1048576K
}
Event: 22.359 GC heap before
{Heap before GC invocations=270 (full 11):
 PSYoungGen      total 31744K, used 30487K [0x00000000eab00000, 0x00000000ed200000, 0x0000000100000000)
  eden space 23040K, 100% used [0x00000000eab00000,0x00000000ec180000,0x00000000ec180000)
  from space 8704K, 85% used [0x00000000ec180000,0x00000000ec8c5d98,0x00000000eca00000)
  to   space 8192K, 0% used [0x00000000eca00000,0x00000000eca00000,0x00000000ed200000)
 ParOldGen       total 291328K, used 275133K [0x00000000c0000000, 0x00000000d1c80000, 0x00000000eab00000)
  object space 291328K, 94% used [0x00000000c0000000,0x00000000d0caf5e0,0x00000000d1c80000)
 Metaspace       used 68306K, committed 69440K, reserved 1114112K
  class space    used 8272K, committed 8768K, reserved 1048576K
}
Event: 22.365 GC heap after
{Heap after GC invocations=270 (full 11):
 PSYoungGen      total 22016K, used 8160K [0x00000000eab00000, 0x00000000ee700000, 0x0000000100000000)
  eden space 13824K, 0% used [0x00000000eab00000,0x00000000eab00000,0x00000000eb880000)
  from space 8192K, 99% used [0x00000000eca00000,0x00000000ed1f81e0,0x00000000ed200000)
  to   space 17920K, 0% used [0x00000000eb880000,0x00000000eb880000,0x00000000eca00000)
 ParOldGen       total 291328K, used 283170K [0x00000000c0000000, 0x00000000d1c80000, 0x00000000eab00000)
  object space 291328K, 97% used [0x00000000c0000000,0x00000000d1488ba8,0x00000000d1c80000)
 Metaspace       used 68306K, committed 69440K, reserved 1114112K
  class space    used 8272K, committed 8768K, reserved 1048576K
}
Event: 22.365 GC heap before
{Heap before GC invocations=271 (full 12):
 PSYoungGen      total 22016K, used 8160K [0x00000000eab00000, 0x00000000ee700000, 0x0000000100000000)
  eden space 13824K, 0% used [0x00000000eab00000,0x00000000eab00000,0x00000000eb880000)
  from space 8192K, 99% used [0x00000000eca00000,0x00000000ed1f81e0,0x00000000ed200000)
  to   space 17920K, 0% used [0x00000000eb880000,0x00000000eb880000,0x00000000eca00000)
 ParOldGen       total 291328K, used 283170K [0x00000000c0000000, 0x00000000d1c80000, 0x00000000eab00000)
  object space 291328K, 97% used [0x00000000c0000000,0x00000000d1488ba8,0x00000000d1c80000)
 Metaspace       used 68306K, committed 69440K, reserved 1114112K
  class space    used 8272K, committed 8768K, reserved 1048576K
}
Event: 22.698 GC heap after
{Heap after GC invocations=271 (full 12):
 PSYoungGen      total 31744K, used 0K [0x00000000eab00000, 0x00000000edd00000, 0x0000000100000000)
  eden space 13824K, 0% used [0x00000000eab00000,0x00000000eab00000,0x00000000eb880000)
  from space 17920K, 0% used [0x00000000eb880000,0x00000000eb880000,0x00000000eca00000)
  to   space 17920K, 0% used [0x00000000ecb80000,0x00000000ecb80000,0x00000000edd00000)
 ParOldGen       total 291328K, used 289640K [0x00000000c0000000, 0x00000000d1c80000, 0x00000000eab00000)
  object space 291328K, 99% used [0x00000000c0000000,0x00000000d1ada060,0x00000000d1c80000)
 Metaspace       used 68306K, committed 69440K, reserved 1114112K
  class space    used 8272K, committed 8768K, reserved 1048576K
}
Event: 22.726 GC heap before
{Heap before GC invocations=272 (full 13):
 PSYoungGen      total 31744K, used 13824K [0x00000000eab00000, 0x00000000edd00000, 0x0000000100000000)
  eden space 13824K, 100% used [0x00000000eab00000,0x00000000eb880000,0x00000000eb880000)
  from space 17920K, 0% used [0x00000000eb880000,0x00000000eb880000,0x00000000eca00000)
  to   space 17920K, 0% used [0x00000000ecb80000,0x00000000ecb80000,0x00000000edd00000)
 ParOldGen       total 291328K, used 289640K [0x00000000c0000000, 0x00000000d1c80000, 0x00000000eab00000)
  object space 291328K, 99% used [0x00000000c0000000,0x00000000d1ada060,0x00000000d1c80000)
 Metaspace       used 68306K, committed 69440K, reserved 1114112K
  class space    used 8272K, committed 8768K, reserved 1048576K
}
Event: 22.884 GC heap after
{Heap after GC invocations=272 (full 13):
 PSYoungGen      total 31232K, used 3904K [0x00000000eab00000, 0x00000000edc80000, 0x0000000100000000)
  eden space 13824K, 28% used [0x00000000eab00000,0x00000000eaed03c0,0x00000000eb880000)
  from space 17408K, 0% used [0x00000000ecb80000,0x00000000ecb80000,0x00000000edc80000)
  to   space 17920K, 0% used [0x00000000eb880000,0x00000000eb880000,0x00000000eca00000)
 ParOldGen       total 291328K, used 291096K [0x00000000c0000000, 0x00000000d1c80000, 0x00000000eab00000)
  object space 291328K, 99% used [0x00000000c0000000,0x00000000d1c46118,0x00000000d1c80000)
 Metaspace       used 68306K, committed 69440K, reserved 1114112K
  class space    used 8272K, committed 8768K, reserved 1048576K
}

Dll operation events (14 events):
Event: 0.040 Loaded shared library c:\Users\lenovo\.vscode\extensions\redhat.java-1.26.0-win32-x64\jre\17.0.9-win32-x86_64\bin\java.dll
Event: 0.358 Loaded shared library c:\Users\lenovo\.vscode\extensions\redhat.java-1.26.0-win32-x64\jre\17.0.9-win32-x86_64\bin\zip.dll
Event: 0.364 Loaded shared library C:\Users\lenovo\.vscode\extensions\redhat.java-1.26.0-win32-x64\jre\17.0.9-win32-x86_64\bin\instrument.dll
Event: 0.458 Loaded shared library C:\Users\lenovo\.vscode\extensions\redhat.java-1.26.0-win32-x64\jre\17.0.9-win32-x86_64\bin\net.dll
Event: 0.462 Loaded shared library C:\Users\lenovo\.vscode\extensions\redhat.java-1.26.0-win32-x64\jre\17.0.9-win32-x86_64\bin\nio.dll
Event: 0.475 Loaded shared library C:\Users\lenovo\.vscode\extensions\redhat.java-1.26.0-win32-x64\jre\17.0.9-win32-x86_64\bin\zip.dll
Event: 0.504 Loaded shared library C:\Users\lenovo\.vscode\extensions\redhat.java-1.26.0-win32-x64\jre\17.0.9-win32-x86_64\bin\jimage.dll
Event: 0.648 Loaded shared library c:\Users\lenovo\.vscode\extensions\redhat.java-1.26.0-win32-x64\jre\17.0.9-win32-x86_64\bin\verify.dll
Event: 2.357 Loaded shared library C:\Users\lenovo\AppData\Roaming\Code\User\globalStorage\redhat.java\1.26.0\config_win\org.eclipse.equinox.launcher\org.eclipse.equinox.launcher.win32.win32.x86_64_1.2.800.v20231003-1442\eclipse_11802.dll
Event: 8.195 Loaded shared library C:\Users\lenovo\AppData\Local\Temp\jna--1106355917\jna2915552125473463526.dll
Event: 10.604 Loaded shared library C:\Users\lenovo\.vscode\extensions\redhat.java-1.26.0-win32-x64\jre\17.0.9-win32-x86_64\bin\sunmscapi.dll
Event: 12.074 Loaded shared library C:\Users\lenovo\.gradle\native\e1d6ef7f7dcc3fd88c89a11ec53ec762bb8ba0a96d01ffa2cd45eb1d1d8dd5c5\windows-amd64\native-platform.dll
Event: 14.282 Loaded shared library C:\Users\lenovo\.vscode\extensions\redhat.java-1.26.0-win32-x64\jre\17.0.9-win32-x86_64\bin\management.dll
Event: 14.291 Loaded shared library C:\Users\lenovo\.vscode\extensions\redhat.java-1.26.0-win32-x64\jre\17.0.9-win32-x86_64\bin\management_ext.dll

Deoptimization events (20 events):
Event: 21.931 Thread 0x000002640fc17160 DEOPT PACKING pc=0x0000026407b5ae50 sp=0x000000f1760fefc0
Event: 21.931 Thread 0x000002640fc17160 DEOPT UNPACKING pc=0x00000264075866a3 sp=0x000000f1760fee58 mode 2
Event: 21.931 Thread 0x000002640fc17160 Uncommon trap: trap_request=0xffffff45 fr.pc=0x0000026407b63834 relative=0x00000000000003f4
Event: 21.931 Thread 0x000002640fc17160 Uncommon trap: reason=unstable_if action=reinterpret pc=0x0000026407b63834 method=java.lang.AbstractStringBuilder.putStringAt(ILjava/lang/String;II)V @ 8 c2
Event: 21.931 Thread 0x000002640fc17160 DEOPT PACKING pc=0x0000026407b63834 sp=0x000000f1760fef60
Event: 21.931 Thread 0x000002640fc17160 DEOPT UNPACKING pc=0x00000264075866a3 sp=0x000000f1760fee50 mode 2
Event: 21.931 Thread 0x000002640fc17160 Uncommon trap: trap_request=0xffffff45 fr.pc=0x0000026407b87e90 relative=0x0000000000000370
Event: 21.931 Thread 0x000002640fc17160 Uncommon trap: reason=unstable_if action=reinterpret pc=0x0000026407b87e90 method=java.lang.AbstractStringBuilder.isLatin1()Z @ 10 c2
Event: 21.931 Thread 0x000002640fc17160 DEOPT PACKING pc=0x0000026407b87e90 sp=0x000000f1760fefe0
Event: 21.931 Thread 0x000002640fc17160 DEOPT UNPACKING pc=0x00000264075866a3 sp=0x000000f1760fef60 mode 2
Event: 21.931 Thread 0x000002640fc17160 Uncommon trap: trap_request=0xffffffc6 fr.pc=0x0000026407d94430 relative=0x0000000000000210
Event: 21.931 Thread 0x000002640fc17160 Uncommon trap: reason=bimorphic_or_optimized_type_check action=maybe_recompile pc=0x0000026407d94430 method=java.util.regex.Matcher.getTextLength()I @ 4 c2
Event: 21.931 Thread 0x000002640fc17160 DEOPT PACKING pc=0x0000026407d94430 sp=0x000000f1760ff0e0
Event: 21.931 Thread 0x000002640fc17160 DEOPT UNPACKING pc=0x00000264075866a3 sp=0x000000f1760ff010 mode 2
Event: 21.931 Thread 0x000002640fc17160 Uncommon trap: trap_request=0xffffff45 fr.pc=0x0000026407ecd8e8 relative=0x0000000000000768
Event: 21.931 Thread 0x000002640fc17160 Uncommon trap: reason=unstable_if action=reinterpret pc=0x0000026407ecd8e8 method=java.util.regex.Pattern$CharPropertyGreedy.match(Ljava/util/regex/Matcher;ILjava/lang/CharSequence;)Z @ 103 c2
Event: 21.931 Thread 0x000002640fc17160 DEOPT PACKING pc=0x0000026407ecd8e8 sp=0x000000f1760ff070
Event: 21.931 Thread 0x000002640fc17160 DEOPT UNPACKING pc=0x00000264075866a3 sp=0x000000f1760feff0 mode 2
Event: 21.970 Thread 0x000002647d485fd0 DEOPT PACKING pc=0x000002640006ff6f sp=0x000000f175dfec60
Event: 21.970 Thread 0x000002647d485fd0 DEOPT UNPACKING pc=0x0000026407586e43 sp=0x000000f175dfe170 mode 0

Classes unloaded (7 events):
Event: 7.911 Thread 0x000002646ed6ec60 Unloading class 0x0000000100252400 'java/lang/invoke/LambdaForm$MH+0x0000000100252400'
Event: 7.911 Thread 0x000002646ed6ec60 Unloading class 0x0000000100252000 'java/lang/invoke/LambdaForm$MH+0x0000000100252000'
Event: 7.911 Thread 0x000002646ed6ec60 Unloading class 0x0000000100251c00 'java/lang/invoke/LambdaForm$MH+0x0000000100251c00'
Event: 7.911 Thread 0x000002646ed6ec60 Unloading class 0x0000000100251800 'java/lang/invoke/LambdaForm$MH+0x0000000100251800'
Event: 7.911 Thread 0x000002646ed6ec60 Unloading class 0x0000000100251400 'java/lang/invoke/LambdaForm$BMH+0x0000000100251400'
Event: 7.911 Thread 0x000002646ed6ec60 Unloading class 0x0000000100251000 'java/lang/invoke/LambdaForm$DMH+0x0000000100251000'
Event: 7.911 Thread 0x000002646ed6ec60 Unloading class 0x000000010024c400 'java/lang/invoke/LambdaForm$DMH+0x000000010024c400'

Classes redefined (0 events):
No events

Internal exceptions (20 events):
Event: 12.815 Thread 0x000002647d482d30 Exception <a 'sun/nio/fs/WindowsException'{0x00000000eba222d8}> (0x00000000eba222d8) 
thrown [s\src\hotspot\share\prims\jni.cpp, line 516]
Event: 12.816 Thread 0x000002647d482d30 Exception <a 'sun/nio/fs/WindowsException'{0x00000000eba26e48}> (0x00000000eba26e48) 
thrown [s\src\hotspot\share\prims\jni.cpp, line 516]
Event: 12.816 Thread 0x000002647d482d30 Exception <a 'sun/nio/fs/WindowsException'{0x00000000eba27518}> (0x00000000eba27518) 
thrown [s\src\hotspot\share\prims\jni.cpp, line 516]
Event: 12.816 Thread 0x000002647d482d30 Exception <a 'sun/nio/fs/WindowsException'{0x00000000eba27bf8}> (0x00000000eba27bf8) 
thrown [s\src\hotspot\share\prims\jni.cpp, line 516]
Event: 12.817 Thread 0x000002647d482d30 Exception <a 'sun/nio/fs/WindowsException'{0x00000000eba282e8}> (0x00000000eba282e8) 
thrown [s\src\hotspot\share\prims\jni.cpp, line 516]
Event: 12.819 Thread 0x000002647d482d30 Exception <a 'sun/nio/fs/WindowsException'{0x00000000ebab0318}> (0x00000000ebab0318) 
thrown [s\src\hotspot\share\prims\jni.cpp, line 516]
Event: 12.819 Thread 0x000002647d482d30 Exception <a 'sun/nio/fs/WindowsException'{0x00000000ebab0948}> (0x00000000ebab0948) 
thrown [s\src\hotspot\share\prims\jni.cpp, line 516]
Event: 12.819 Thread 0x000002647d482d30 Exception <a 'sun/nio/fs/WindowsException'{0x00000000ebab0f80}> (0x00000000ebab0f80) 
thrown [s\src\hotspot\share\prims\jni.cpp, line 516]
Event: 12.819 Thread 0x000002647d482d30 Exception <a 'sun/nio/fs/WindowsException'{0x00000000ebab15c8}> (0x00000000ebab15c8) 
thrown [s\src\hotspot\share\prims\jni.cpp, line 516]
Event: 12.820 Thread 0x000002647d482d30 Exception <a 'sun/nio/fs/WindowsException'{0x00000000ebab6ab8}> (0x00000000ebab6ab8) 
thrown [s\src\hotspot\share\prims\jni.cpp, line 516]
Event: 12.820 Thread 0x000002647d482d30 Exception <a 'sun/nio/fs/WindowsException'{0x00000000ebab7120}> (0x00000000ebab7120) 
thrown [s\src\hotspot\share\prims\jni.cpp, line 516]
Event: 12.820 Thread 0x000002647d482d30 Exception <a 'sun/nio/fs/WindowsException'{0x00000000ebab7788}> (0x00000000ebab7788) 
thrown [s\src\hotspot\share\prims\jni.cpp, line 516]
Event: 12.820 Thread 0x000002647d482d30 Exception <a 'sun/nio/fs/WindowsException'{0x00000000ebab7e10}> (0x00000000ebab7e10) 
thrown [s\src\hotspot\share\prims\jni.cpp, line 516]
Event: 13.404 Thread 0x000002647d485fd0 Implicit null exception at 0x0000026407dc892c to 0x0000026407dc8a30
Event: 14.119 Thread 0x000002647d485fd0 Implicit null exception at 0x0000026407dff8f4 to 0x0000026407e018cc
Event: 14.178 Thread 0x000002640fc15810 Exception <a 'java/lang/NoSuchMethodError'{0x00000000ead743b0}: 'java.lang.Object java.lang.invoke.DirectMethodHandle$Holder.invokeInterface(java.lang.Object, java.lang.Object, java.lang.Object)'> (0x00000000ead743b0) 
thrown [s\src\hotspot\share\interpreter\linkResolver.cpp, line 759]
Event: 14.366 Thread 0x000002640fc15810 Exception <a 'java/lang/NoClassDefFoundError'{0x00000000eb1f42a8}: org/slf4j/impl/StaticMarkerBinder> (0x00000000eb1f42a8) 
thrown [s\src\hotspot\share\classfile\systemDictionary.cpp, line 245]
Event: 15.123 Thread 0x000002640fc16230 Exception <a 'java/lang/NoSuchMethodError'{0x00000000eaba37c8}: 'void java.lang.invoke.DirectMethodHandle$Holder.invokeStatic(java.lang.Object, long)'> (0x00000000eaba37c8) 
thrown [s\src\hotspot\share\interpreter\linkResolver.cpp, line 759]
Event: 15.125 Thread 0x000002640fc16230 Exception <a 'java/lang/NoSuchMethodError'{0x00000000eaba9010}: 'java.lang.Object java.lang.invoke.DirectMethodHandle$Holder.newInvokeSpecial(java.lang.Object, long)'> (0x00000000eaba9010) 
thrown [s\src\hotspot\share\interpreter\linkResolver.cpp, line 759]
Event: 15.818 Thread 0x000002647d485fd0 Implicit null exception at 0x0000026407e8c558 to 0x0000026407e90f24

VM Operations (20 events):
Event: 21.826 Executing VM operation: ParallelGCFailedAllocation
Event: 21.829 Executing VM operation: ParallelGCFailedAllocation done
Event: 21.891 Executing VM operation: ParallelGCFailedAllocation
Event: 21.896 Executing VM operation: ParallelGCFailedAllocation done
Event: 21.977 Executing VM operation: ParallelGCFailedAllocation
Event: 21.986 Executing VM operation: ParallelGCFailedAllocation done
Event: 22.059 Executing VM operation: ParallelGCFailedAllocation
Event: 22.068 Executing VM operation: ParallelGCFailedAllocation done
Event: 22.135 Executing VM operation: ParallelGCFailedAllocation
Event: 22.150 Executing VM operation: ParallelGCFailedAllocation done
Event: 22.224 Executing VM operation: ParallelGCFailedAllocation
Event: 22.230 Executing VM operation: ParallelGCFailedAllocation done
Event: 22.263 Executing VM operation: ParallelGCFailedAllocation
Event: 22.271 Executing VM operation: ParallelGCFailedAllocation done
Event: 22.319 Executing VM operation: ParallelGCFailedAllocation
Event: 22.324 Executing VM operation: ParallelGCFailedAllocation done
Event: 22.359 Executing VM operation: ParallelGCFailedAllocation
Event: 22.698 Executing VM operation: ParallelGCFailedAllocation done
Event: 22.726 Executing VM operation: ParallelGCFailedAllocation
Event: 22.884 Executing VM operation: ParallelGCFailedAllocation done

Events (20 events):
Event: 21.454 loading class sun/nio/ch/NativeSocketAddress
Event: 21.455 loading class sun/nio/ch/NativeSocketAddress done
Event: 21.460 loading class sun/nio/ch/DatagramSocketAdaptor
Event: 21.461 loading class sun/nio/ch/DatagramSocketAdaptor done
Event: 21.461 loading class sun/nio/ch/DatagramSocketAdaptor$DatagramSockets
Event: 21.461 loading class sun/nio/ch/DatagramSocketAdaptor$DatagramSockets done
Event: 21.462 loading class sun/nio/ch/DatagramChannelImpl$DefaultOptionsHolder
Event: 21.463 loading class sun/nio/ch/DatagramChannelImpl$DefaultOptionsHolder done
Event: 21.487 Thread 0x000002647e369e30 Thread exited: 0x000002647e369e30
Event: 21.744 Thread 0x000002647ecf8fe0 Thread exited: 0x000002647ecf8fe0
Event: 21.844 Thread 0x000002640fc17160 Thread added: 0x000002640fc17160
Event: 21.922 loading class java/lang/ProcessBuilder$NullInputStream
Event: 21.923 loading class java/lang/ProcessBuilder$NullInputStream done
Event: 21.925 Thread 0x000002640fc12f90 Thread added: 0x000002640fc12f90
Event: 21.925 Thread 0x000002640fc13ec0 Thread added: 0x000002640fc13ec0
Event: 21.925 loading class java/util/Scanner
Event: 21.926 Thread 0x000002640fc12f90 Thread exited: 0x000002640fc12f90
Event: 21.927 loading class java/util/Scanner done
Event: 21.928 loading class java/util/Scanner$PatternLRUCache
Event: 21.930 loading class java/util/Scanner$PatternLRUCache done


Dynamic libraries:
0x00007ff7602d0000 - 0x00007ff7602de000 	c:\Users\lenovo\.vscode\extensions\redhat.java-1.26.0-win32-x64\jre\17.0.9-win32-x86_64\bin\java.exe
0x00007ffe3c570000 - 0x00007ffe3c787000 	C:\WINDOWS\SYSTEM32\ntdll.dll
0x00007ffe3ad70000 - 0x00007ffe3ae34000 	C:\WINDOWS\System32\KERNEL32.DLL
0x00007ffe39a00000 - 0x00007ffe39da6000 	C:\WINDOWS\System32\KERNELBASE.dll
0x00007ffe398b0000 - 0x00007ffe399c1000 	C:\WINDOWS\System32\ucrtbase.dll
0x00007ffe282e0000 - 0x00007ffe282f7000 	c:\Users\lenovo\.vscode\extensions\redhat.java-1.26.0-win32-x64\jre\17.0.9-win32-x86_64\bin\jli.dll
0x00007ffe27380000 - 0x00007ffe2739b000 	c:\Users\lenovo\.vscode\extensions\redhat.java-1.26.0-win32-x64\jre\17.0.9-win32-x86_64\bin\VCRUNTIME140.dll
0x00007ffe3c380000 - 0x00007ffe3c52e000 	C:\WINDOWS\System32\USER32.dll
0x00007ffe399d0000 - 0x00007ffe399f6000 	C:\WINDOWS\System32\win32u.dll
0x00007ffe3b320000 - 0x00007ffe3b349000 	C:\WINDOWS\System32\GDI32.dll
0x00007ffe3a030000 - 0x00007ffe3a148000 	C:\WINDOWS\System32\gdi32full.dll
0x00007ffe39f90000 - 0x00007ffe3a02a000 	C:\WINDOWS\System32\msvcp_win.dll
0x00007ffe204e0000 - 0x00007ffe20773000 	C:\WINDOWS\WinSxS\amd64_microsoft.windows.common-controls_6595b64144ccf1df_6.0.22621.2506_none_270c5ae97388e100\COMCTL32.dll
0x00007ffe3aed0000 - 0x00007ffe3af77000 	C:\WINDOWS\System32\msvcrt.dll
0x00007ffe3ab70000 - 0x00007ffe3aba1000 	C:\WINDOWS\System32\IMM32.DLL
0x00007ffe33420000 - 0x00007ffe3342c000 	c:\Users\lenovo\.vscode\extensions\redhat.java-1.26.0-win32-x64\jre\17.0.9-win32-x86_64\bin\vcruntime140_1.dll
0x00007ffe25000000 - 0x00007ffe2508d000 	c:\Users\lenovo\.vscode\extensions\redhat.java-1.26.0-win32-x64\jre\17.0.9-win32-x86_64\bin\msvcp140.dll
0x00007ffdfbbd0000 - 0x00007ffdfc831000 	c:\Users\lenovo\.vscode\extensions\redhat.java-1.26.0-win32-x64\jre\17.0.9-win32-x86_64\bin\server\jvm.dll
0x00007ffe3a8f0000 - 0x00007ffe3a9a3000 	C:\WINDOWS\System32\ADVAPI32.dll
0x00007ffe3b020000 - 0x00007ffe3b0c8000 	C:\WINDOWS\System32\sechost.dll
0x00007ffe39ef0000 - 0x00007ffe39f18000 	C:\WINDOWS\System32\bcrypt.dll
0x00007ffe3a7d0000 - 0x00007ffe3a8e7000 	C:\WINDOWS\System32\RPCRT4.dll
0x00007ffe395d0000 - 0x00007ffe3961d000 	C:\WINDOWS\SYSTEM32\POWRPROF.dll
0x00007ffe32ef0000 - 0x00007ffe32f24000 	C:\WINDOWS\SYSTEM32\WINMM.dll
0x00007ffe316a0000 - 0x00007ffe316a9000 	C:\WINDOWS\SYSTEM32\WSOCK32.dll
0x00007ffe3ae50000 - 0x00007ffe3aec1000 	C:\WINDOWS\System32\WS2_32.dll
0x00007ffe30660000 - 0x00007ffe3066a000 	C:\WINDOWS\SYSTEM32\VERSION.dll
0x00007ffe395b0000 - 0x00007ffe395c3000 	C:\WINDOWS\SYSTEM32\UMPDC.dll
0x00007ffe388e0000 - 0x00007ffe388f8000 	C:\WINDOWS\SYSTEM32\kernel.appcore.dll
0x00007ffe316e0000 - 0x00007ffe316ea000 	c:\Users\lenovo\.vscode\extensions\redhat.java-1.26.0-win32-x64\jre\17.0.9-win32-x86_64\bin\jimage.dll
0x00007ffe371e0000 - 0x00007ffe37413000 	C:\WINDOWS\SYSTEM32\DBGHELP.DLL
0x00007ffe3a320000 - 0x00007ffe3a6a9000 	C:\WINDOWS\System32\combase.dll
0x00007ffe3b3d0000 - 0x00007ffe3b4a7000 	C:\WINDOWS\System32\OLEAUT32.dll
0x00007ffe2dd90000 - 0x00007ffe2ddc2000 	C:\WINDOWS\SYSTEM32\dbgcore.DLL
0x00007ffe39db0000 - 0x00007ffe39e2a000 	C:\WINDOWS\System32\bcryptPrimitives.dll
0x00007ffe30110000 - 0x00007ffe3011e000 	c:\Users\lenovo\.vscode\extensions\redhat.java-1.26.0-win32-x64\jre\17.0.9-win32-x86_64\bin\instrument.dll
0x00007ffe271a0000 - 0x00007ffe271c5000 	c:\Users\lenovo\.vscode\extensions\redhat.java-1.26.0-win32-x64\jre\17.0.9-win32-x86_64\bin\java.dll
0x00007ffe27270000 - 0x00007ffe27288000 	c:\Users\lenovo\.vscode\extensions\redhat.java-1.26.0-win32-x64\jre\17.0.9-win32-x86_64\bin\zip.dll
0x00007ffe3b9b0000 - 0x00007ffe3c20a000 	C:\WINDOWS\System32\SHELL32.dll
0x00007ffe37800000 - 0x00007ffe380f6000 	C:\WINDOWS\SYSTEM32\windows.storage.dll
0x00007ffe376c0000 - 0x00007ffe377fe000 	C:\WINDOWS\SYSTEM32\wintypes.dll
0x00007ffe3b0d0000 - 0x00007ffe3b1c3000 	C:\WINDOWS\System32\SHCORE.dll
0x00007ffe3a770000 - 0x00007ffe3a7ce000 	C:\WINDOWS\System32\shlwapi.dll
0x00007ffe397e0000 - 0x00007ffe39806000 	C:\WINDOWS\SYSTEM32\profapi.dll
0x00007ffe27180000 - 0x00007ffe27199000 	C:\Users\lenovo\.vscode\extensions\redhat.java-1.26.0-win32-x64\jre\17.0.9-win32-x86_64\bin\net.dll
0x00007ffe339b0000 - 0x00007ffe33ae7000 	C:\WINDOWS\SYSTEM32\WINHTTP.dll
0x00007ffe38d60000 - 0x00007ffe38dc9000 	C:\WINDOWS\system32\mswsock.dll
0x00007ffe26cc0000 - 0x00007ffe26cd6000 	C:\Users\lenovo\.vscode\extensions\redhat.java-1.26.0-win32-x64\jre\17.0.9-win32-x86_64\bin\nio.dll
0x00007ffe2fe90000 - 0x00007ffe2fea0000 	c:\Users\lenovo\.vscode\extensions\redhat.java-1.26.0-win32-x64\jre\17.0.9-win32-x86_64\bin\verify.dll
0x00007ffe25180000 - 0x00007ffe251be000 	C:\Users\lenovo\AppData\Roaming\Code\User\globalStorage\redhat.java\1.26.0\config_win\org.eclipse.equinox.launcher\org.eclipse.equinox.launcher.win32.win32.x86_64_1.2.800.v20231003-1442\eclipse_11802.dll
0x00007ffe3a9d0000 - 0x00007ffe3ab70000 	C:\WINDOWS\System32\ole32.dll
0x00007ffe38fb0000 - 0x00007ffe38fcb000 	C:\WINDOWS\SYSTEM32\CRYPTSP.dll
0x00007ffe38840000 - 0x00007ffe38875000 	C:\WINDOWS\system32\rsaenh.dll
0x00007ffe38e50000 - 0x00007ffe38e7c000 	C:\WINDOWS\SYSTEM32\USERENV.dll
0x00007ffe38fd0000 - 0x00007ffe38fdc000 	C:\WINDOWS\SYSTEM32\CRYPTBASE.dll
0x00007ffe38360000 - 0x00007ffe3838d000 	C:\WINDOWS\SYSTEM32\IPHLPAPI.DLL
0x00007ffe3af80000 - 0x00007ffe3af89000 	C:\WINDOWS\System32\NSI.dll
0x00007ffe33950000 - 0x00007ffe33969000 	C:\WINDOWS\SYSTEM32\dhcpcsvc6.DLL
0x00007ffe33920000 - 0x00007ffe3393f000 	C:\WINDOWS\SYSTEM32\dhcpcsvc.DLL
0x00007ffe383d0000 - 0x00007ffe384c9000 	C:\WINDOWS\SYSTEM32\DNSAPI.dll
0x00007ffe24b00000 - 0x00007ffe24b45000 	C:\Users\lenovo\AppData\Local\Temp\jna--1106355917\jna2915552125473463526.dll
0x00007ffe3a2c0000 - 0x00007ffe3a2c8000 	C:\WINDOWS\System32\PSAPI.DLL
0x00007ffe2fa00000 - 0x00007ffe2fa0e000 	C:\Users\lenovo\.vscode\extensions\redhat.java-1.26.0-win32-x64\jre\17.0.9-win32-x86_64\bin\sunmscapi.dll
0x00007ffe3a150000 - 0x00007ffe3a2b6000 	C:\WINDOWS\System32\CRYPT32.dll
0x00007ffe391c0000 - 0x00007ffe391ee000 	C:\WINDOWS\SYSTEM32\ncrypt.dll
0x00007ffe39180000 - 0x00007ffe391b7000 	C:\WINDOWS\SYSTEM32\NTASN1.dll
0x00007ffe2e6c0000 - 0x00007ffe2e6ca000 	C:\Windows\System32\rasadhlp.dll
0x00007ffe26a40000 - 0x00007ffe26a67000 	C:\Users\lenovo\.gradle\native\e1d6ef7f7dcc3fd88c89a11ec53ec762bb8ba0a96d01ffa2cd45eb1d1d8dd5c5\windows-amd64\native-platform.dll
0x00007ffe2f930000 - 0x00007ffe2f939000 	C:\Users\lenovo\.vscode\extensions\redhat.java-1.26.0-win32-x64\jre\17.0.9-win32-x86_64\bin\management.dll
0x00007ffe2f800000 - 0x00007ffe2f80b000 	C:\Users\lenovo\.vscode\extensions\redhat.java-1.26.0-win32-x64\jre\17.0.9-win32-x86_64\bin\management_ext.dll

dbghelp: loaded successfully - version: 4.0.5 - missing functions: none
symbol engine: initialized successfully - sym options: 0x614 - pdb path: .;c:\Users\lenovo\.vscode\extensions\redhat.java-1.26.0-win32-x64\jre\17.0.9-win32-x86_64\bin;C:\WINDOWS\SYSTEM32;C:\WINDOWS\WinSxS\amd64_microsoft.windows.common-controls_6595b64144ccf1df_6.0.22621.2506_none_270c5ae97388e100;c:\Users\lenovo\.vscode\extensions\redhat.java-1.26.0-win32-x64\jre\17.0.9-win32-x86_64\bin\server;C:\Users\lenovo\AppData\Roaming\Code\User\globalStorage\redhat.java\1.26.0\config_win\org.eclipse.equinox.launcher\org.eclipse.equinox.launcher.win32.win32.x86_64_1.2.800.v20231003-1442;C:\Users\lenovo\AppData\Local\Temp\jna--1106355917;C:\Users\lenovo\.gradle\native\e1d6ef7f7dcc3fd88c89a11ec53ec762bb8ba0a96d01ffa2cd45eb1d1d8dd5c5\windows-amd64

VM Arguments:
jvm_args: --add-modules=ALL-SYSTEM --add-opens=java.base/java.util=ALL-UNNAMED --add-opens=java.base/java.lang=ALL-UNNAMED --add-opens=java.base/sun.nio.fs=ALL-UNNAMED -Declipse.application=org.eclipse.jdt.ls.core.id1 -Dosgi.bundles.defaultStartLevel=4 -Declipse.product=org.eclipse.jdt.ls.core.product -Djava.import.generatesMetadataFilesAtProjectRoot=false -DDetectVMInstallationsJob.disabled=true -Dfile.encoding=utf8 -XX:+UseParallelGC -XX:GCTimeRatio=4 -XX:AdaptiveSizePolicyWeight=90 -Dsun.zip.disableMemoryMapping=true -Xmx1G -Xms100m -Xlog:disable -javaagent:c:\Users\lenovo\.vscode\extensions\redhat.java-1.26.0-win32-x64\lombok\lombok-1.18.31-3454.jar -XX:+HeapDumpOnOutOfMemoryError -XX:HeapDumpPath=c:\Users\lenovo\AppData\Roaming\Code\User\workspaceStorage\1e6697cf5d1c474039ebe2b296156fc6\redhat.java -Daether.dependencyCollector.impl=bf 
java_command: c:\Users\lenovo\.vscode\extensions\redhat.java-1.26.0-win32-x64\server\plugins\org.eclipse.equinox.launcher_1.6.700.v20231214-2017.jar -configuration c:\Users\lenovo\AppData\Roaming\Code\User\globalStorage\redhat.java\1.26.0\config_win -data c:\Users\lenovo\AppData\Roaming\Code\User\workspaceStorage\1e6697cf5d1c474039ebe2b296156fc6\redhat.java\jdt_ws --stdio
java_class_path (initial): c:\Users\lenovo\.vscode\extensions\redhat.java-1.26.0-win32-x64\server\plugins\org.eclipse.equinox.launcher_1.6.700.v20231214-2017.jar
Launcher Type: SUN_STANDARD

[Global flags]
    uintx AdaptiveSizePolicyWeight                 = 90                                        {product} {command line}
     intx CICompilerCount                          = 4                                         {product} {ergonomic}
    uintx GCTimeRatio                              = 4                                         {product} {command line}
     bool HeapDumpOnOutOfMemoryError               = true                                   {manageable} {command line}
    ccstr HeapDumpPath                             = c:\Users\lenovo\AppData\Roaming\Code\User\workspaceStorage\1e6697cf5d1c474039ebe2b296156fc6\redhat.java         {manageable} {command line}
   size_t InitialHeapSize                          = 104857600                                 {product} {command line}
   size_t MaxHeapSize                              = 1073741824                                {product} {command line}
   size_t MaxNewSize                               = 357564416                                 {product} {ergonomic}
   size_t MinHeapDeltaBytes                        = 524288                                    {product} {ergonomic}
   size_t MinHeapSize                              = 104857600                                 {product} {command line}
   size_t NewSize                                  = 34603008                                  {product} {ergonomic}
    uintx NonNMethodCodeHeapSize                   = 5839372                                {pd product} {ergonomic}
    uintx NonProfiledCodeHeapSize                  = 122909434                              {pd product} {ergonomic}
   size_t OldSize                                  = 70254592                                  {product} {ergonomic}
    uintx ProfiledCodeHeapSize                     = 122909434                              {pd product} {ergonomic}
    uintx ReservedCodeCacheSize                    = 251658240                              {pd product} {ergonomic}
     bool SegmentedCodeCache                       = true                                      {product} {ergonomic}
   size_t SoftMaxHeapSize                          = 1073741824                             {manageable} {ergonomic}
     bool UseCompressedClassPointers               = true                           {product lp64_product} {ergonomic}
     bool UseCompressedOops                        = true                           {product lp64_product} {ergonomic}
     bool UseLargePagesIndividualAllocation        = false                                  {pd product} {ergonomic}
     bool UseParallelGC                            = true                                      {product} {command line}

Logging:
Log output configuration:
 #0: stdout all=off uptime,level,tags
 #1: stderr all=off uptime,level,tags

Environment Variables:
JAVA_HOME=C:\src\jdk8u392-b08\bin
PATH=C:\Program Files\Common Files\Oracle\Java\javapath;C:\Program Files (x86)\Common Files\Oracle\Java\javapath;C:\WINDOWS\system32;C:\WINDOWS;C:\WINDOWS\System32\Wbem;C:\WINDOWS\System32\WindowsPowerShell\v1.0\;C:\WINDOWS\System32\OpenSSH\;C:\Program Files\Microsoft SQL Server\150\Tools\Binn\;C:\Program Files\Microsoft SQL Server\130\Tools\Binn\;C:\Program Files\dotnet\;C:\ProgramData\chocolatey\bin;C:\Users\lenovo\cmdline-tools\bin;C:\Users\lenovo\platform-tools;C:\Program Files\Git\cmd;C:\src\flutter\bin;C:\Users\lenovo\AppData\Local\Pub\Cache\bin;C:\Program Files\Java\jdk-21\bin;C:\src\Android\SDK\commandlinetools-win-10406996_latest (1)\platform-tools;C:\Users\lenovo\.jdks\openjdk-21.0.1\platforms;C:\Users\lenovo\.jdks\openjdk-21.0.1\platform-tools;C:\src\Android\SDK\commandlinetools-win-10406996_latest\platforms;C:\src\Android\SDK\commandlinetools-win-10406996_latest\platform-tools;C:\src\Android\SDK\commandlinetools-win-10406996_latest;C:\gradle-8.5\bin;C:\src\jdk8u392-b08\bin;C:\Program Files\nodejs\;C:\Program Files\Common Files\Oracle\Java\javapath;C:\Program Files (x86)\Common Files\Oracle\Java\javapath;C:\WINDOWS\system32;C:\WINDOWS;C:\WINDOWS\System32\Wbem;C:\WINDOWS\System32\WindowsPowerShell\v1.0\;C:\WINDOWS\System32\OpenSSH\;C:\Program Files\Microsoft SQL Server\150\Tools\Binn\;C:\Program Files\Microsoft SQL Server\130\Tools\Binn\;C:\Program Files\dotnet\;C:\ProgramData\chocolatey\bin;C:\Users\lenovo\cmdline-tools\bin;C:\Users\lenovo\platform-tools;C:\Program Files\Git\cmd;C:\src\flutter\bin;C:\Users\lenovo\AppData\Local\Pub\Cache\bin;C:\Program Files\Java\jdk-21\bin;C:\src\Android\SDK\commandlinetools-win-10406996_latest (1)\platform-tools;C:\Users\lenovo\.jdks\openjdk-21.0.1\platforms;C:\Users\lenovo\.jdks\openjdk-21.0.1\platform-tools;C:\src\Android\SDK\commandlinetools-win-10406996_latest\platforms;C:\src\Android\SDK\commandlinetools-win-10406996_latest\platform-tools;C:\src\Android\SDK\commandlinetools-win-10406996_latest;C:\Program Files\Common F
USERNAME=lenovo
OS=Windows_NT
PROCESSOR_IDENTIFIER=AMD64 Family 23 Model 104 Stepping 1, AuthenticAMD
TMP=C:\Users\lenovo\AppData\Local\Temp
TEMP=C:\Users\lenovo\AppData\Local\Temp



Periodic native trim disabled


---------------  S Y S T E M  ---------------

OS:
 Windows 11 , 64 bit Build 22621 (10.0.22621.2506)
OS uptime: 9 days 23:44 hours

CPU: total 12 (initial active 12) (12 cores per cpu, 2 threads per core) family 23 model 104 stepping 1 microcode 0x0, cx8, cmov, fxsr, ht, mmx, 3dnowpref, sse, sse2, sse3, ssse3, sse4a, sse4.1, sse4.2, popcnt, lzcnt, tsc, tscinvbit, avx, avx2, aes, clmul, bmi1, bmi2, adx, sha, fma, vzeroupper, clflush, clflushopt
Processor Information for all 12 processors :
  Max Mhz: 2100, Current Mhz: 1893, Mhz Limit: 2100

Memory: 4k page, system-wide physical 6005M (1093M free)
TotalPageFile size 24437M (AvailPageFile size 290M)
current process WorkingSet (physical memory assigned to process): 660M, peak: 660M
current process commit charge ("private bytes"): 589M, peak: 998M

vm_info: OpenJDK 64-Bit Server VM (17.0.9+9) for windows-amd64 JRE (17.0.9+9), built on Oct 26 2023 14:01:42 by "admin" with MS VC++ 16.10 / 16.11 (VS2019)

END.
